Flutter crash report.
Please report a bug at https://github.com/flutter/flutter/issues.

## command

flutter create [200~

## exception

FileSystemException: FileSystemException: Exists failed, path = '[200~' (OS Error: The filename, directory name, or volume label syntax is incorrect.
, errno = 123)

```
#0      _Directory.existsSync (dart:io/directory_impl.dart:87:7)
#1      ForwardingFileSystemEntity.existsSync (package:file/src/forwarding/forwarding_file_system_entity.dart:43:33)
#2      ErrorHandlingDirectory.existsSync.<anonymous closure> (package:flutter_tools/src/base/error_handling_io.dart:503:22)
#3      _runSync (package:flutter_tools/src/base/error_handling_io.dart:600:14)
#4      ErrorHandlingDirectory.existsSync (package:flutter_tools/src/base/error_handling_io.dart:502:12)
#5      CreateCommand._getProjectType (package:flutter_tools/src/commands/create.dart:173:20)
#6      CreateCommand.runCommand (package:flutter_tools/src/commands/create.dart:213:41)
#7      FlutterCommand.verifyThenRunCommand (package:flutter_tools/src/runner/flutter_command.dart:1772:12)
<asynchronous suspension>
#8      FlutterCommand.run.<anonymous closure> (package:flutter_tools/src/runner/flutter_command.dart:1408:27)
<asynchronous suspension>
#9      AppContext.run.<anonymous closure> (package:flutter_tools/src/base/context.dart:153:19)
<asynchronous suspension>
#10     CommandRunner.runCommand (package:args/command_runner.dart:212:13)
<asynchronous suspension>
#11     FlutterCommandRunner.runCommand.<anonymous closure> (package:flutter_tools/src/runner/flutter_command_runner.dart:420:9)
<asynchronous suspension>
#12     AppContext.run.<anonymous closure> (package:flutter_tools/src/base/context.dart:153:19)
<asynchronous suspension>
#13     FlutterCommandRunner.runCommand (package:flutter_tools/src/runner/flutter_command_runner.dart:364:5)
<asynchronous suspension>
#14     run.<anonymous closure>.<anonymous closure> (package:flutter_tools/runner.dart:130:9)
<asynchronous suspension>
#15     AppContext.run.<anonymous closure> (package:flutter_tools/src/base/context.dart:153:19)
<asynchronous suspension>
#16     main (package:flutter_tools/executable.dart:93:3)
<asynchronous suspension>
```

## flutter doctor

```
[33m[!][39m Flutter (Channel stable, 3.24.3, on Microsoft Windows [Version
    10.0.22631.4249], locale en-GB)
    [32m•[39m Flutter version 3.24.3 on channel stable at C:\flutter
    [33m![39m Warning: `dart` on your path resolves to C:\dart-sdk\bin\dart.exe, which
      is not inside your current Flutter SDK checkout at C:\flutter. Consider
      adding C:\flutter\bin to the front of your path.
    [32m•[39m Upstream repository https://github.com/flutter/flutter.git
    [32m•[39m Framework revision 2663184aa7 (3 weeks ago), 2024-09-11 16:27:48 -0500
    [32m•[39m Engine revision 36335019a8
    [32m•[39m Dart version 3.5.3
    [32m•[39m DevTools version 2.37.3
    [32m•[39m If those were intentional, you can disregard the above warnings; however
      it is recommended to use "git" directly to perform update checks and
      upgrades.

[32m[✓][39m Windows Version (Installed version of Windows is version 10 or higher)

[31m[✗][39m Android toolchain - develop for Android devices
    [32m•[39m Android SDK at C:\Users\HomePC\AppData\Local\Android\sdk
    [31m✗[39m cmdline-tools component is missing
      Run `path/to/sdkmanager --install "cmdline-tools;latest"`
      See https://developer.android.com/studio/command-line for more details.

[32m[✓][39m Chrome - develop for the web
    [32m•[39m Chrome at C:\Program Files\Google\Chrome\Application\chrome.exe

[32m[✓][39m Visual Studio - develop Windows apps (Visual Studio Enterprise 2019 16.3.0)
    [32m•[39m Visual Studio at C:\Program Files (x86)\Microsoft Visual
      Studio\2019\Enterprise
    [32m•[39m Visual Studio Enterprise 2019 version 16.3.29318.209
    [32m•[39m Windows 10 SDK version 10.0.19041.0

[32m[✓][39m Android Studio (version 2023.1)
    [32m•[39m Android Studio at C:\Program Files\Android\Android Studio
    [32m•[39m Flutter plugin can be installed from:
      🔨 https://plugins.jetbrains.com/plugin/9212-flutter
    [32m•[39m Dart plugin can be installed from:
      🔨 https://plugins.jetbrains.com/plugin/6351-dart
    [32m•[39m Java version OpenJDK Runtime Environment (build
      17.0.7+0-b2043.56-10550314)

[32m[✓][39m VS Code (version 1.94.0)
    [32m•[39m VS Code at C:\Users\HomePC\AppData\Local\Programs\Microsoft VS Code
    [32m•[39m Flutter extension version 3.98.0

[32m[✓][39m Connected device (3 available)
    [32m•[39m Windows (desktop) • windows • windows-x64    • Microsoft Windows [Version
      10.0.22631.4249]
    [32m•[39m Chrome (web)      • chrome  • web-javascript • Google Chrome 129.0.6668.90
    [32m•[39m Edge (web)        • edge    • web-javascript • Microsoft Edge
      129.0.2792.79

[32m[✓][39m Network resources
    [32m•[39m All expected network resources are available.

[33m![39m Doctor found issues in 2 categories.
```
